Arguments: 
  C:\Program Files\nodejs\node.exe C:\Users\ander\AppData\Roaming\npm\node_modules\yarn\bin\yarn.js

PATH: 
  C:\Program Files (x86)\Common Files\Oracle\Java\javapath;C:\Windows\system32;C:\Windows;C:\Windows\System32\Wbem;C:\Windows\System32\WindowsPowerShell\v1.0\;C:\Windows\System32\OpenSSH\;C:\Program Files (x86)\NVIDIA Corporation\PhysX\Common;C:\Program Files\NVIDIA Corporation\NVIDIA NvDLISR;C:\Program Files\dotnet\;C:\Program Files\Microsoft SQL Server\130\Tools\Binn\;C:\Program Files\Microsoft SQL Server\Client SDK\ODBC\170\Tools\Binn\;C:\Program Files\Git\cmd;C:\Program Files\nodejs\;C:\Program Files\Docker\Docker\resources\bin;C:\ProgramData\DockerDesktop\version-bin;C:\Program Files\Microsoft SQL Server\150\Tools\Binn\;C:\Users\ander\AppData\Local\Programs\Python\Python39\Scripts\;C:\Users\ander\AppData\Local\Programs\Python\Python39\;C:\Users\ander\AppData\Local\Microsoft\WindowsApps;C:\Users\ander\AppData\Local\Programs\Microsoft VS Code\bin;C:\Users\ander\.dotnet\tools;C:\Program Files (x86)\GitHub CLI\;C:\Users\ander\AppData\Local\GitHubDesktop\bin;C:\Users\ander\AppData\Local\Programs\oh-my-posh\bin;C:\Users\ander\AppData\Local\Programs\oh-my-posh\themes;C:\Users\ander\tools;C:\Users\ander\AppData\Roaming\npm;C:\Program Files\JetBrains\IntelliJ IDEA 2021.1.3\bin

Yarn version: 
  1.22.11

Node version: 
  14.17.1

Platform: 
  win32 x64

Trace: 
  Error: getaddrinfo ENOTFOUND registry.yarnpkg.com
      at GetAddrInfoReqWrap.onlookup [as oncomplete] (dns.js:69:26)

npm manifest: 
  {
    "name": "svenskopensource",
    "version": "0.0.0",
    "scripts": {
      "dev": "vite",
      "build": "vite build",
      "serve": "vite preview"
    },
    "devDependencies": {
      "vite": "^2.6.4"
    }
  }

yarn manifest: 
  No manifest

Lockfile: 
  No lockfile
